<?xml version="1.0" encoding="UTF-8"?>
<testng-results ignored="0" total="10" passed="10" failed="0" skipped="0">
  <reporter-output>
  </reporter-output>
  <suite started-at="2025-07-18T19:33:40 IST" name="Default suite" finished-at="2025-07-18T19:35:05 IST" duration-ms="84769">
    <groups>
      <group name="cucumber">
        <method signature="AbstractTestNGCucumberTests.runScenario(io.cucumber.testng.PickleWrapper,io.cucumber.testng.FeatureWrapper)[pri:0, instance:styleMateRunners.Runner@2de23121]" name="runScenario" class="io.cucumber.testng.AbstractTestNGCucumberTests"/>
      </group> <!-- cucumber -->
    </groups>
    <test started-at="2025-07-18T19:33:40 IST" name="Default test" finished-at="2025-07-18T19:35:05 IST" duration-ms="84769">
      <class name="styleMateRunners.Runner">
        <test-method is-config="true" signature="setUpClass(org.testng.ITestContext)[pri:0, instance:styleMateRunners.Runner@2de23121]" started-at="2025-07-18T19:33:40 IST" name="setUpClass" finished-at="2025-07-18T19:33:40 IST" duration-ms="223" status="PASS">
          <params>
            <param index="0">
              <value>
                <![CDATA[org.testng.TestRunner@636dbfe7]]>
              </value>
            </param>
          </params>
          <reporter-output>
          </reporter-output>
        </test-method> <!-- setUpClass -->
        <test-method signature="runScenario(io.cucumber.testng.PickleWrapper,io.cucumber.testng.FeatureWrapper)[pri:0, instance:styleMateRunners.Runner@2de23121]" started-at="2025-07-18T19:33:40 IST" name="runScenario" description="Runs Cucumber Scenarios" data-provider="scenarios" finished-at="2025-07-18T19:33:45 IST" duration-ms="4707" status="PASS">
          <params>
            <param index="0">
              <value>
                <![CDATA["Verify Search with Valid Keywords"]]>
              </value>
            </param>
            <param index="1">
              <value>
                <![CDATA["Procut Details & Catalog"]]>
              </value>
            </param>
          </params>
          <reporter-output>
          </reporter-output>
        </test-method> <!-- runScenario -->
        <test-method signature="runScenario(io.cucumber.testng.PickleWrapper,io.cucumber.testng.FeatureWrapper)[pri:0, instance:styleMateRunners.Runner@2de23121]" started-at="2025-07-18T19:33:45 IST" name="runScenario" description="Runs Cucumber Scenarios" data-provider="scenarios" finished-at="2025-07-18T19:33:49 IST" duration-ms="3618" status="PASS">
          <params>
            <param index="0">
              <value>
                <![CDATA["Verify Search with Invalid Keywords"]]>
              </value>
            </param>
            <param index="1">
              <value>
                <![CDATA["Procut Details & Catalog"]]>
              </value>
            </param>
          </params>
          <reporter-output>
          </reporter-output>
        </test-method> <!-- runScenario -->
        <test-method signature="runScenario(io.cucumber.testng.PickleWrapper,io.cucumber.testng.FeatureWrapper)[pri:0, instance:styleMateRunners.Runner@2de23121]" started-at="2025-07-18T19:33:49 IST" name="runScenario" description="Runs Cucumber Scenarios" data-provider="scenarios" finished-at="2025-07-18T19:33:53 IST" duration-ms="4015" status="PASS">
          <params>
            <param index="0">
              <value>
                <![CDATA["Verify Search with Empty Fields"]]>
              </value>
            </param>
            <param index="1">
              <value>
                <![CDATA["Procut Details & Catalog"]]>
              </value>
            </param>
          </params>
          <reporter-output>
          </reporter-output>
        </test-method> <!-- runScenario -->
        <test-method signature="runScenario(io.cucumber.testng.PickleWrapper,io.cucumber.testng.FeatureWrapper)[pri:0, instance:styleMateRunners.Runner@2de23121]" started-at="2025-07-18T19:33:53 IST" name="runScenario" description="Runs Cucumber Scenarios" data-provider="scenarios" finished-at="2025-07-18T19:34:00 IST" duration-ms="7502" status="PASS">
          <params>
            <param index="0">
              <value>
                <![CDATA["Verify Product Filter"]]>
              </value>
            </param>
            <param index="1">
              <value>
                <![CDATA["Procut Details & Catalog"]]>
              </value>
            </param>
          </params>
          <reporter-output>
          </reporter-output>
        </test-method> <!-- runScenario -->
        <test-method signature="runScenario(io.cucumber.testng.PickleWrapper,io.cucumber.testng.FeatureWrapper)[pri:0, instance:styleMateRunners.Runner@2de23121]" started-at="2025-07-18T19:34:00 IST" name="runScenario" description="Runs Cucumber Scenarios" data-provider="scenarios" finished-at="2025-07-18T19:34:08 IST" duration-ms="7508" status="PASS">
          <params>
            <param index="0">
              <value>
                <![CDATA["Verify Sorting Feature"]]>
              </value>
            </param>
            <param index="1">
              <value>
                <![CDATA["Procut Details & Catalog"]]>
              </value>
            </param>
          </params>
          <reporter-output>
          </reporter-output>
        </test-method> <!-- runScenario -->
        <test-method signature="runScenario(io.cucumber.testng.PickleWrapper,io.cucumber.testng.FeatureWrapper)[pri:0, instance:styleMateRunners.Runner@2de23121]" started-at="2025-07-18T19:34:08 IST" name="runScenario" description="Runs Cucumber Scenarios" data-provider="scenarios" finished-at="2025-07-18T19:34:17 IST" duration-ms="9218" status="PASS">
          <params>
            <param index="0">
              <value>
                <![CDATA["Verify Product Detail Page"]]>
              </value>
            </param>
            <param index="1">
              <value>
                <![CDATA["Procut Details & Catalog"]]>
              </value>
            </param>
          </params>
          <reporter-output>
          </reporter-output>
        </test-method> <!-- runScenario -->
        <test-method signature="runScenario(io.cucumber.testng.PickleWrapper,io.cucumber.testng.FeatureWrapper)[pri:0, instance:styleMateRunners.Runner@2de23121]" started-at="2025-07-18T19:34:17 IST" name="runScenario" description="Runs Cucumber Scenarios" data-provider="scenarios" finished-at="2025-07-18T19:34:34 IST" duration-ms="16903" status="PASS">
          <params>
            <param index="0">
              <value>
                <![CDATA["Verify Product Image Gallery"]]>
              </value>
            </param>
            <param index="1">
              <value>
                <![CDATA["Procut Details & Catalog"]]>
              </value>
            </param>
          </params>
          <reporter-output>
          </reporter-output>
        </test-method> <!-- runScenario -->
        <test-method signature="runScenario(io.cucumber.testng.PickleWrapper,io.cucumber.testng.FeatureWrapper)[pri:0, instance:styleMateRunners.Runner@2de23121]" started-at="2025-07-18T19:34:34 IST" name="runScenario" description="Runs Cucumber Scenarios" data-provider="scenarios" finished-at="2025-07-18T19:34:41 IST" duration-ms="7426" status="PASS">
          <params>
            <param index="0">
              <value>
                <![CDATA["Homepage Loading"]]>
              </value>
            </param>
            <param index="1">
              <value>
                <![CDATA["Homepage Navigation"]]>
              </value>
            </param>
          </params>
          <reporter-output>
          </reporter-output>
        </test-method> <!-- runScenario -->
        <test-method signature="runScenario(io.cucumber.testng.PickleWrapper,io.cucumber.testng.FeatureWrapper)[pri:0, instance:styleMateRunners.Runner@2de23121]" started-at="2025-07-18T19:34:41 IST" name="runScenario" description="Runs Cucumber Scenarios" data-provider="scenarios" finished-at="2025-07-18T19:34:53 IST" duration-ms="11973" status="PASS">
          <params>
            <param index="0">
              <value>
                <![CDATA["Navbar Functionality"]]>
              </value>
            </param>
            <param index="1">
              <value>
                <![CDATA["Homepage Navigation"]]>
              </value>
            </param>
          </params>
          <reporter-output>
          </reporter-output>
        </test-method> <!-- runScenario -->
        <test-method signature="runScenario(io.cucumber.testng.PickleWrapper,io.cucumber.testng.FeatureWrapper)[pri:0, instance:styleMateRunners.Runner@2de23121]" started-at="2025-07-18T19:34:53 IST" name="runScenario" description="Runs Cucumber Scenarios" data-provider="scenarios" finished-at="2025-07-18T19:35:05 IST" duration-ms="11612" status="PASS">
          <params>
            <param index="0">
              <value>
                <![CDATA["Featured Product Section"]]>
              </value>
            </param>
            <param index="1">
              <value>
                <![CDATA["Homepage Navigation"]]>
              </value>
            </param>
          </params>
          <reporter-output>
          </reporter-output>
        </test-method> <!-- runScenario -->
        <test-method is-config="true" signature="tearDownClass()[pri:0, instance:styleMateRunners.Runner@2de23121]" started-at="2025-07-18T19:35:05 IST" name="tearDownClass" finished-at="2025-07-18T19:35:05 IST" duration-ms="3" status="PASS">
          <reporter-output>
          </reporter-output>
        </test-method> <!-- tearDownClass -->
      </class> <!-- styleMateRunners.Runner -->
    </test> <!-- Default test -->
  </suite> <!-- Default suite -->
</testng-results>
